<?xml version="1.0" encoding="UTF-8"?>
<!-- Generated by org.testng.reporters.JUnitReportReporter -->
<testsuite hostname="DESKTOP-AQM0K1A" failures="0" tests="1" name="com.actitime.testscript.DemoScreenshot" time="12.664" errors="0" timestamp="2023-08-08T16:33:34 IST" skipped="0">
  <testcase classname="com.actitime.testscript.DemoScreenshot" name="screenshot" time="12.664"/>
</testsuite> <!-- com.actitime.testscript.DemoScreenshot -->
